<?xml version="1.0" encoding="UTF-8"?>
<testsuite xmlns:xsi="http://www.w3.org/2001/XMLSchema-instance" xsi:noNamespaceSchemaLocation="https://maven.apache.org/surefire/maven-surefire-plugin/xsd/surefire-test-report.xsd" name="com.udea.labfaker.LabfakerApplicationTests" time="7.288" tests="7" errors="0" skipped="0" failures="0">
  <properties>
    <property name="java.specification.version" value="17"/>
    <property name="sun.jnu.encoding" value="UTF-8"/>
    <property name="java.class.path" value="/home/estudiantes/andres.cortesg/Escritorio/labfake/target/test-classes:/home/estudiantes/andres.cortesg/Escritorio/labfake/target/classes:/home/estudiantes/andres.cortesg/.m2/repository/org/springframework/boot/spring-boot-starter-web/2.7.17/spring-boot-starter-web-2.7.17.jar:/home/estudiantes/andres.cortesg/.m2/repository/org/springframework/boot/spring-boot-starter/2.7.17/spring-boot-starter-2.7.17.jar:/home/estudiantes/andres.cortesg/.m2/repository/org/springframework/boot/spring-boot/2.7.17/spring-boot-2.7.17.jar:/home/estudiantes/andres.cortesg/.m2/repository/org/springframework/boot/spring-boot-autoconfigure/2.7.17/spring-boot-autoconfigure-2.7.17.jar:/home/estudiantes/andres.cortesg/.m2/repository/org/springframework/boot/spring-boot-starter-logging/2.7.17/spring-boot-starter-logging-2.7.17.jar:/home/estudiantes/andres.cortesg/.m2/repository/ch/qos/logback/logback-classic/1.2.12/logback-classic-1.2.12.jar:/home/estudiantes/andres.cortesg/.m2/repository/ch/qos/logback/logback-core/1.2.12/logback-core-1.2.12.jar:/home/estudiantes/andres.cortesg/.m2/repository/org/apache/logging/log4j/log4j-to-slf4j/2.17.2/log4j-to-slf4j-2.17.2.jar:/home/estudiantes/andres.cortesg/.m2/repository/org/apache/logging/log4j/log4j-api/2.17.2/log4j-api-2.17.2.jar:/home/estudiantes/andres.cortesg/.m2/repository/org/slf4j/jul-to-slf4j/1.7.36/jul-to-slf4j-1.7.36.jar:/home/estudiantes/andres.cortesg/.m2/repository/jakarta/annotation/jakarta.annotation-api/1.3.5/jakarta.annotation-api-1.3.5.jar:/home/estudiantes/andres.cortesg/.m2/repository/org/yaml/snakeyaml/1.30/snakeyaml-1.30.jar:/home/estudiantes/andres.cortesg/.m2/repository/org/springframework/boot/spring-boot-starter-json/2.7.17/spring-boot-starter-json-2.7.17.jar:/home/estudiantes/andres.cortesg/.m2/repository/com/fasterxml/jackson/core/jackson-databind/2.13.5/jackson-databind-2.13.5.jar:/home/estudiantes/andres.cortesg/.m2/repository/com/fasterxml/jackson/core/jackson-annotations/2.13.5/jackson-annotations-2.13.5.jar:/home/estudiantes/andres.cortesg/.m2/repository/com/fasterxml/jackson/core/jackson-core/2.13.5/jackson-core-2.13.5.jar:/home/estudiantes/andres.cortesg/.m2/repository/com/fasterxml/jackson/datatype/jackson-datatype-jdk8/2.13.5/jackson-datatype-jdk8-2.13.5.jar:/home/estudiantes/andres.cortesg/.m2/repository/com/fasterxml/jackson/datatype/jackson-datatype-jsr310/2.13.5/jackson-datatype-jsr310-2.13.5.jar:/home/estudiantes/andres.cortesg/.m2/repository/com/fasterxml/jackson/module/jackson-module-parameter-names/2.13.5/jackson-module-parameter-names-2.13.5.jar:/home/estudiantes/andres.cortesg/.m2/repository/org/springframework/boot/spring-boot-starter-tomcat/2.7.17/spring-boot-starter-tomcat-2.7.17.jar:/home/estudiantes/andres.cortesg/.m2/repository/org/apache/tomcat/embed/tomcat-embed-core/9.0.82/tomcat-embed-core-9.0.82.jar:/home/estudiantes/andres.cortesg/.m2/repository/org/apache/tomcat/embed/tomcat-embed-el/9.0.82/tomcat-embed-el-9.0.82.jar:/home/estudiantes/andres.cortesg/.m2/repository/org/apache/tomcat/embed/tomcat-embed-websocket/9.0.82/tomcat-embed-websocket-9.0.82.jar:/home/estudiantes/andres.cortesg/.m2/repository/org/springframework/spring-web/5.3.30/spring-web-5.3.30.jar:/home/estudiantes/andres.cortesg/.m2/repository/org/springframework/spring-beans/5.3.30/spring-beans-5.3.30.jar:/home/estudiantes/andres.cortesg/.m2/repository/org/springframework/spring-webmvc/5.3.30/spring-webmvc-5.3.30.jar:/home/estudiantes/andres.cortesg/.m2/repository/org/springframework/spring-aop/5.3.30/spring-aop-5.3.30.jar:/home/estudiantes/andres.cortesg/.m2/repository/org/springframework/spring-context/5.3.30/spring-context-5.3.30.jar:/home/estudiantes/andres.cortesg/.m2/repository/org/springframework/spring-expression/5.3.30/spring-expression-5.3.30.jar:/home/estudiantes/andres.cortesg/.m2/repository/org/springframework/boot/spring-boot-starter-test/2.7.17/spring-boot-starter-test-2.7.17.jar:/home/estudiantes/andres.cortesg/.m2/repository/org/springframework/boot/spring-boot-test/2.7.17/spring-boot-test-2.7.17.jar:/home/estudiantes/andres.cortesg/.m2/repository/org/springframework/boot/spring-boot-test-autoconfigure/2.7.17/spring-boot-test-autoconfigure-2.7.17.jar:/home/estudiantes/andres.cortesg/.m2/repository/com/jayway/jsonpath/json-path/2.7.0/json-path-2.7.0.jar:/home/estudiantes/andres.cortesg/.m2/repository/net/minidev/json-smart/2.4.11/json-smart-2.4.11.jar:/home/estudiantes/andres.cortesg/.m2/repository/net/minidev/accessors-smart/2.4.11/accessors-smart-2.4.11.jar:/home/estudiantes/andres.cortesg/.m2/repository/org/ow2/asm/asm/9.3/asm-9.3.jar:/home/estudiantes/andres.cortesg/.m2/repository/org/slf4j/slf4j-api/1.7.36/slf4j-api-1.7.36.jar:/home/estudiantes/andres.cortesg/.m2/repository/jakarta/xml/bind/jakarta.xml.bind-api/2.3.3/jakarta.xml.bind-api-2.3.3.jar:/home/estudiantes/andres.cortesg/.m2/repository/jakarta/activation/jakarta.activation-api/1.2.2/jakarta.activation-api-1.2.2.jar:/home/estudiantes/andres.cortesg/.m2/repository/org/assertj/assertj-core/3.22.0/assertj-core-3.22.0.jar:/home/estudiantes/andres.cortesg/.m2/repository/org/hamcrest/hamcrest/2.2/hamcrest-2.2.jar:/home/estudiantes/andres.cortesg/.m2/repository/org/junit/jupiter/junit-jupiter/5.8.2/junit-jupiter-5.8.2.jar:/home/estudiantes/andres.cortesg/.m2/repository/org/junit/jupiter/junit-jupiter-api/5.8.2/junit-jupiter-api-5.8.2.jar:/home/estudiantes/andres.cortesg/.m2/repository/org/opentest4j/opentest4j/1.2.0/opentest4j-1.2.0.jar:/home/estudiantes/andres.cortesg/.m2/repository/org/junit/platform/junit-platform-commons/1.8.2/junit-platform-commons-1.8.2.jar:/home/estudiantes/andres.cortesg/.m2/repository/org/apiguardian/apiguardian-api/1.1.2/apiguardian-api-1.1.2.jar:/home/estudiantes/andres.cortesg/.m2/repository/org/junit/jupiter/junit-jupiter-params/5.8.2/junit-jupiter-params-5.8.2.jar:/home/estudiantes/andres.cortesg/.m2/repository/org/junit/jupiter/junit-jupiter-engine/5.8.2/junit-jupiter-engine-5.8.2.jar:/home/estudiantes/andres.cortesg/.m2/repository/org/junit/platform/junit-platform-engine/1.8.2/junit-platform-engine-1.8.2.jar:/home/estudiantes/andres.cortesg/.m2/repository/org/mockito/mockito-core/4.5.1/mockito-core-4.5.1.jar:/home/estudiantes/andres.cortesg/.m2/repository/net/bytebuddy/byte-buddy/1.12.23/byte-buddy-1.12.23.jar:/home/estudiantes/andres.cortesg/.m2/repository/net/bytebuddy/byte-buddy-agent/1.12.23/byte-buddy-agent-1.12.23.jar:/home/estudiantes/andres.cortesg/.m2/repository/org/objenesis/objenesis/3.2/objenesis-3.2.jar:/home/estudiantes/andres.cortesg/.m2/repository/org/mockito/mockito-junit-jupiter/4.5.1/mockito-junit-jupiter-4.5.1.jar:/home/estudiantes/andres.cortesg/.m2/repository/org/skyscreamer/jsonassert/1.5.1/jsonassert-1.5.1.jar:/home/estudiantes/andres.cortesg/.m2/repository/com/vaadin/external/google/android-json/0.0.20131108.vaadin1/android-json-0.0.20131108.vaadin1.jar:/home/estudiantes/andres.cortesg/.m2/repository/org/springframework/spring-core/5.3.30/spring-core-5.3.30.jar:/home/estudiantes/andres.cortesg/.m2/repository/org/springframework/spring-jcl/5.3.30/spring-jcl-5.3.30.jar:/home/estudiantes/andres.cortesg/.m2/repository/org/springframework/spring-test/5.3.30/spring-test-5.3.30.jar:/home/estudiantes/andres.cortesg/.m2/repository/org/xmlunit/xmlunit-core/2.9.1/xmlunit-core-2.9.1.jar:/home/estudiantes/andres.cortesg/.m2/repository/com/github/javafaker/javafaker/1.0.2/javafaker-1.0.2.jar:/home/estudiantes/andres.cortesg/.m2/repository/org/apache/commons/commons-lang3/3.12.0/commons-lang3-3.12.0.jar:/home/estudiantes/andres.cortesg/.m2/repository/org/yaml/snakeyaml/1.23/snakeyaml-1.23-android.jar:/home/estudiantes/andres.cortesg/.m2/repository/com/github/mifmif/generex/1.0.2/generex-1.0.2.jar:/home/estudiantes/andres.cortesg/.m2/repository/dk/brics/automaton/automaton/1.11-8/automaton-1.11-8.jar:"/>
    <property name="java.vm.vendor" value="Eclipse Adoptium"/>
    <property name="sun.arch.data.model" value="64"/>
    <property name="java.vendor.url" value="https://adoptium.net/"/>
    <property name="os.name" value="Linux"/>
    <property name="java.vm.specification.version" value="17"/>
    <property name="sun.java.launcher" value="SUN_STANDARD"/>
    <property name="user.country" value="CO"/>
    <property name="sun.boot.library.path" value="/usr/lib/jvm/temurin-17-jdk-amd64/lib"/>
    <property name="sun.java.command" value="/home/estudiantes/andres.cortesg/Escritorio/labfake/target/surefire/surefirebooter3014976027016413874.jar /home/estudiantes/andres.cortesg/Escritorio/labfake/target/surefire 2025-05-12T16-52-09_130-jvmRun1 surefire5680605521203020351tmp surefire_014075451637339751933tmp"/>
    <property name="jdk.debug" value="release"/>
    <property name="surefire.test.class.path" value="/home/estudiantes/andres.cortesg/Escritorio/labfake/target/test-classes:/home/estudiantes/andres.cortesg/Escritorio/labfake/target/classes:/home/estudiantes/andres.cortesg/.m2/repository/org/springframework/boot/spring-boot-starter-web/2.7.17/spring-boot-starter-web-2.7.17.jar:/home/estudiantes/andres.cortesg/.m2/repository/org/springframework/boot/spring-boot-starter/2.7.17/spring-boot-starter-2.7.17.jar:/home/estudiantes/andres.cortesg/.m2/repository/org/springframework/boot/spring-boot/2.7.17/spring-boot-2.7.17.jar:/home/estudiantes/andres.cortesg/.m2/repository/org/springframework/boot/spring-boot-autoconfigure/2.7.17/spring-boot-autoconfigure-2.7.17.jar:/home/estudiantes/andres.cortesg/.m2/repository/org/springframework/boot/spring-boot-starter-logging/2.7.17/spring-boot-starter-logging-2.7.17.jar:/home/estudiantes/andres.cortesg/.m2/repository/ch/qos/logback/logback-classic/1.2.12/logback-classic-1.2.12.jar:/home/estudiantes/andres.cortesg/.m2/repository/ch/qos/logback/logback-core/1.2.12/logback-core-1.2.12.jar:/home/estudiantes/andres.cortesg/.m2/repository/org/apache/logging/log4j/log4j-to-slf4j/2.17.2/log4j-to-slf4j-2.17.2.jar:/home/estudiantes/andres.cortesg/.m2/repository/org/apache/logging/log4j/log4j-api/2.17.2/log4j-api-2.17.2.jar:/home/estudiantes/andres.cortesg/.m2/repository/org/slf4j/jul-to-slf4j/1.7.36/jul-to-slf4j-1.7.36.jar:/home/estudiantes/andres.cortesg/.m2/repository/jakarta/annotation/jakarta.annotation-api/1.3.5/jakarta.annotation-api-1.3.5.jar:/home/estudiantes/andres.cortesg/.m2/repository/org/yaml/snakeyaml/1.30/snakeyaml-1.30.jar:/home/estudiantes/andres.cortesg/.m2/repository/org/springframework/boot/spring-boot-starter-json/2.7.17/spring-boot-starter-json-2.7.17.jar:/home/estudiantes/andres.cortesg/.m2/repository/com/fasterxml/jackson/core/jackson-databind/2.13.5/jackson-databind-2.13.5.jar:/home/estudiantes/andres.cortesg/.m2/repository/com/fasterxml/jackson/core/jackson-annotations/2.13.5/jackson-annotations-2.13.5.jar:/home/estudiantes/andres.cortesg/.m2/repository/com/fasterxml/jackson/core/jackson-core/2.13.5/jackson-core-2.13.5.jar:/home/estudiantes/andres.cortesg/.m2/repository/com/fasterxml/jackson/datatype/jackson-datatype-jdk8/2.13.5/jackson-datatype-jdk8-2.13.5.jar:/home/estudiantes/andres.cortesg/.m2/repository/com/fasterxml/jackson/datatype/jackson-datatype-jsr310/2.13.5/jackson-datatype-jsr310-2.13.5.jar:/home/estudiantes/andres.cortesg/.m2/repository/com/fasterxml/jackson/module/jackson-module-parameter-names/2.13.5/jackson-module-parameter-names-2.13.5.jar:/home/estudiantes/andres.cortesg/.m2/repository/org/springframework/boot/spring-boot-starter-tomcat/2.7.17/spring-boot-starter-tomcat-2.7.17.jar:/home/estudiantes/andres.cortesg/.m2/repository/org/apache/tomcat/embed/tomcat-embed-core/9.0.82/tomcat-embed-core-9.0.82.jar:/home/estudiantes/andres.cortesg/.m2/repository/org/apache/tomcat/embed/tomcat-embed-el/9.0.82/tomcat-embed-el-9.0.82.jar:/home/estudiantes/andres.cortesg/.m2/repository/org/apache/tomcat/embed/tomcat-embed-websocket/9.0.82/tomcat-embed-websocket-9.0.82.jar:/home/estudiantes/andres.cortesg/.m2/repository/org/springframework/spring-web/5.3.30/spring-web-5.3.30.jar:/home/estudiantes/andres.cortesg/.m2/repository/org/springframework/spring-beans/5.3.30/spring-beans-5.3.30.jar:/home/estudiantes/andres.cortesg/.m2/repository/org/springframework/spring-webmvc/5.3.30/spring-webmvc-5.3.30.jar:/home/estudiantes/andres.cortesg/.m2/repository/org/springframework/spring-aop/5.3.30/spring-aop-5.3.30.jar:/home/estudiantes/andres.cortesg/.m2/repository/org/springframework/spring-context/5.3.30/spring-context-5.3.30.jar:/home/estudiantes/andres.cortesg/.m2/repository/org/springframework/spring-expression/5.3.30/spring-expression-5.3.30.jar:/home/estudiantes/andres.cortesg/.m2/repository/org/springframework/boot/spring-boot-starter-test/2.7.17/spring-boot-starter-test-2.7.17.jar:/home/estudiantes/andres.cortesg/.m2/repository/org/springframework/boot/spring-boot-test/2.7.17/spring-boot-test-2.7.17.jar:/home/estudiantes/andres.cortesg/.m2/repository/org/springframework/boot/spring-boot-test-autoconfigure/2.7.17/spring-boot-test-autoconfigure-2.7.17.jar:/home/estudiantes/andres.cortesg/.m2/repository/com/jayway/jsonpath/json-path/2.7.0/json-path-2.7.0.jar:/home/estudiantes/andres.cortesg/.m2/repository/net/minidev/json-smart/2.4.11/json-smart-2.4.11.jar:/home/estudiantes/andres.cortesg/.m2/repository/net/minidev/accessors-smart/2.4.11/accessors-smart-2.4.11.jar:/home/estudiantes/andres.cortesg/.m2/repository/org/ow2/asm/asm/9.3/asm-9.3.jar:/home/estudiantes/andres.cortesg/.m2/repository/org/slf4j/slf4j-api/1.7.36/slf4j-api-1.7.36.jar:/home/estudiantes/andres.cortesg/.m2/repository/jakarta/xml/bind/jakarta.xml.bind-api/2.3.3/jakarta.xml.bind-api-2.3.3.jar:/home/estudiantes/andres.cortesg/.m2/repository/jakarta/activation/jakarta.activation-api/1.2.2/jakarta.activation-api-1.2.2.jar:/home/estudiantes/andres.cortesg/.m2/repository/org/assertj/assertj-core/3.22.0/assertj-core-3.22.0.jar:/home/estudiantes/andres.cortesg/.m2/repository/org/hamcrest/hamcrest/2.2/hamcrest-2.2.jar:/home/estudiantes/andres.cortesg/.m2/repository/org/junit/jupiter/junit-jupiter/5.8.2/junit-jupiter-5.8.2.jar:/home/estudiantes/andres.cortesg/.m2/repository/org/junit/jupiter/junit-jupiter-api/5.8.2/junit-jupiter-api-5.8.2.jar:/home/estudiantes/andres.cortesg/.m2/repository/org/opentest4j/opentest4j/1.2.0/opentest4j-1.2.0.jar:/home/estudiantes/andres.cortesg/.m2/repository/org/junit/platform/junit-platform-commons/1.8.2/junit-platform-commons-1.8.2.jar:/home/estudiantes/andres.cortesg/.m2/repository/org/apiguardian/apiguardian-api/1.1.2/apiguardian-api-1.1.2.jar:/home/estudiantes/andres.cortesg/.m2/repository/org/junit/jupiter/junit-jupiter-params/5.8.2/junit-jupiter-params-5.8.2.jar:/home/estudiantes/andres.cortesg/.m2/repository/org/junit/jupiter/junit-jupiter-engine/5.8.2/junit-jupiter-engine-5.8.2.jar:/home/estudiantes/andres.cortesg/.m2/repository/org/junit/platform/junit-platform-engine/1.8.2/junit-platform-engine-1.8.2.jar:/home/estudiantes/andres.cortesg/.m2/repository/org/mockito/mockito-core/4.5.1/mockito-core-4.5.1.jar:/home/estudiantes/andres.cortesg/.m2/repository/net/bytebuddy/byte-buddy/1.12.23/byte-buddy-1.12.23.jar:/home/estudiantes/andres.cortesg/.m2/repository/net/bytebuddy/byte-buddy-agent/1.12.23/byte-buddy-agent-1.12.23.jar:/home/estudiantes/andres.cortesg/.m2/repository/org/objenesis/objenesis/3.2/objenesis-3.2.jar:/home/estudiantes/andres.cortesg/.m2/repository/org/mockito/mockito-junit-jupiter/4.5.1/mockito-junit-jupiter-4.5.1.jar:/home/estudiantes/andres.cortesg/.m2/repository/org/skyscreamer/jsonassert/1.5.1/jsonassert-1.5.1.jar:/home/estudiantes/andres.cortesg/.m2/repository/com/vaadin/external/google/android-json/0.0.20131108.vaadin1/android-json-0.0.20131108.vaadin1.jar:/home/estudiantes/andres.cortesg/.m2/repository/org/springframework/spring-core/5.3.30/spring-core-5.3.30.jar:/home/estudiantes/andres.cortesg/.m2/repository/org/springframework/spring-jcl/5.3.30/spring-jcl-5.3.30.jar:/home/estudiantes/andres.cortesg/.m2/repository/org/springframework/spring-test/5.3.30/spring-test-5.3.30.jar:/home/estudiantes/andres.cortesg/.m2/repository/org/xmlunit/xmlunit-core/2.9.1/xmlunit-core-2.9.1.jar:/home/estudiantes/andres.cortesg/.m2/repository/com/github/javafaker/javafaker/1.0.2/javafaker-1.0.2.jar:/home/estudiantes/andres.cortesg/.m2/repository/org/apache/commons/commons-lang3/3.12.0/commons-lang3-3.12.0.jar:/home/estudiantes/andres.cortesg/.m2/repository/org/yaml/snakeyaml/1.23/snakeyaml-1.23-android.jar:/home/estudiantes/andres.cortesg/.m2/repository/com/github/mifmif/generex/1.0.2/generex-1.0.2.jar:/home/estudiantes/andres.cortesg/.m2/repository/dk/brics/automaton/automaton/1.11-8/automaton-1.11-8.jar:"/>
    <property name="sun.cpu.endian" value="little"/>
    <property name="user.home" value="/home/estudiantes/andres.cortesg"/>
    <property name="user.language" value="es"/>
    <property name="java.specification.vendor" value="Oracle Corporation"/>
    <property name="java.version.date" value="2024-07-16"/>
    <property name="java.home" value="/usr/lib/jvm/temurin-17-jdk-amd64"/>
    <property name="file.separator" value="/"/>
    <property name="basedir" value="/home/estudiantes/andres.cortesg/Escritorio/labfake"/>
    <property name="java.vm.compressedOopsMode" value="32-bit"/>
    <property name="line.separator" value="&#10;"/>
    <property name="java.specification.name" value="Java Platform API Specification"/>
    <property name="java.vm.specification.vendor" value="Oracle Corporation"/>
    <property name="surefire.real.class.path" value="/home/estudiantes/andres.cortesg/Escritorio/labfake/target/surefire/surefirebooter3014976027016413874.jar"/>
    <property name="sun.management.compiler" value="HotSpot 64-Bit Tiered Compilers"/>
    <property name="java.runtime.version" value="17.0.12+7"/>
    <property name="user.name" value="andres.cortesg"/>
    <property name="path.separator" value=":"/>
    <property name="os.version" value="6.8.0-40-generic"/>
    <property name="java.runtime.name" value="OpenJDK Runtime Environment"/>
    <property name="file.encoding" value="UTF-8"/>
    <property name="java.vm.name" value="OpenJDK 64-Bit Server VM"/>
    <property name="java.vendor.version" value="Temurin-17.0.12+7"/>
    <property name="localRepository" value="/home/estudiantes/andres.cortesg/.m2/repository"/>
    <property name="repoToken" value="ul7BtIT6ryAqeTApjbUSVynhJe0qaQsXp"/>
    <property name="java.vendor.url.bug" value="https://github.com/adoptium/adoptium-support/issues"/>
    <property name="java.io.tmpdir" value="/tmp"/>
    <property name="java.version" value="17.0.12"/>
    <property name="user.dir" value="/home/estudiantes/andres.cortesg/Escritorio/labfake"/>
    <property name="os.arch" value="amd64"/>
    <property name="java.vm.specification.name" value="Java Virtual Machine Specification"/>
    <property name="native.encoding" value="UTF-8"/>
    <property name="java.library.path" value="/usr/java/packages/lib:/usr/lib64:/lib64:/lib:/usr/lib"/>
    <property name="java.vm.info" value="mixed mode, sharing"/>
    <property name="java.vendor" value="Eclipse Adoptium"/>
    <property name="java.vm.version" value="17.0.12+7"/>
    <property name="sun.io.unicode.encoding" value="UnicodeLittle"/>
    <property name="java.class.version" value="61.0"/>
  </properties>
  <testcase name="currenciesLength" classname="com.udea.labfaker.LabfakerApplicationTests" time="1.805"/>
  <testcase name="health" classname="com.udea.labfaker.LabfakerApplicationTests" time="0.003"/>
  <testcase name="aviationsLength" classname="com.udea.labfaker.LabfakerApplicationTests" time="0.853"/>
  <testcase name="randomCurrenciesCodeFormat" classname="com.udea.labfaker.LabfakerApplicationTests" time="0.73"/>
  <testcase name="version" classname="com.udea.labfaker.LabfakerApplicationTests" time="0.002"/>
  <testcase name="nations" classname="com.udea.labfaker.LabfakerApplicationTests" time="0.717"/>
  <testcase name="testRandomNationsPerformance" classname="com.udea.labfaker.LabfakerApplicationTests" time="0.598"/>
</testsuite>